<?xml version="1.0" encoding="UTF-8"?>
<!-- Generated by org.testng.reporters.JUnitReportReporter -->
<testsuite hostname="Amit" failures="0" tests="3" name="testCases.CurrencyMenuTestCases" time="0.120" errors="0" timestamp="2024-02-14T12:48:48 IST" skipped="0">
  <testcase classname="testCases.CurrencyMenuTestCases" name="VerifyPoundSterlingOptionCurrencyDropDownMenu" time="0.022"/>
  <system-out/>
  <testcase classname="testCases.CurrencyMenuTestCases" name="VerifyEuroOptionCurrencyDropDownMenu" time="0.076"/>
  <system-out/>
  <testcase classname="testCases.CurrencyMenuTestCases" name="VerifyUSDollerOptionCurrencyDropDownMenu" time="0.022"/>
  <system-out/>
</testsuite> <!-- testCases.CurrencyMenuTestCases -->
