<?xml version="1.0" encoding="UTF-8"?>
<!-- Generated by org.testng.reporters.JUnitReportReporter -->
<testsuite hostname="Amit" failures="0" tests="3" name="testCases.CurrencyDDTestCases" time="0.120" errors="0" timestamp="2024-02-01T18:41:35 IST" skipped="0">
  <testcase classname="testCases.CurrencyDDTestCases" name="verifyPoundSterlingOptionCurrencyDropDownMenu" time="0.022"/>
  <system-out/>
  <testcase classname="testCases.CurrencyDDTestCases" name="verifyUSDollerOptionCurrencyDropDownMenu" time="0.021"/>
  <system-out/>
  <testcase classname="testCases.CurrencyDDTestCases" name="verifyEuroOptionCurrencyDropDownMenu" time="0.077"/>
  <system-out/>
</testsuite> <!-- testCases.CurrencyDDTestCases -->
