<?xml version="1.0" encoding="UTF-8"?>
<!-- Generated by org.testng.reporters.JUnitReportReporter -->
<testsuite hostname="Amit" failures="0" tests="4" name="testCases.RegisterTestCases" time="5.376" errors="0" timestamp="2024-01-23T00:53:06 IST" skipped="0">
  <testcase classname="testCases.RegisterTestCases" name="VerifyRegistrationWithBlankData" time="2.107"/>
  <system-out/>
  <testcase classname="testCases.RegisterTestCases" name="VerifyRegistrationWithInvalidData" time="0.624"/>
  <system-out/>
  <testcase classname="testCases.RegisterTestCases" name="VerifyRegistrationWithValidData" time="1.733"/>
  <system-out/>
  <testcase classname="testCases.RegisterTestCases" name="VerifyRegistrationWithExistingData" time="0.912"/>
  <system-out/>
</testsuite> <!-- testCases.RegisterTestCases -->
