<?xml version="1.0" encoding="UTF-8"?>
<!-- Generated by org.testng.reporters.JUnitReportReporter -->
<testsuite hostname="Amit" failures="0" tests="8" name="testCases.ProductAddtoCartTestCases" time="4.599" errors="0" timestamp="2024-02-23T15:14:16 IST" skipped="0">
  <testcase classname="testCases.ProductAddtoCartTestCases" name="VerfiyProductPlaceholderofSerachbox" time="0.021"/>
  <system-out/>
  <testcase classname="testCases.ProductAddtoCartTestCases" name="Verifysearchtheiphone" time="1.070"/>
  <system-out/>
  <testcase classname="testCases.ProductAddtoCartTestCases" name="Verifythepriceofiphone" time="0.023"/>
  <system-out/>
  <testcase classname="testCases.ProductAddtoCartTestCases" name="Verifyiphoneaddtocart" time="1.112"/>
  <system-out/>
  <testcase classname="testCases.ProductAddtoCartTestCases" name="VerifysearchtheSamsung" time="1.190"/>
  <system-out/>
  <testcase classname="testCases.ProductAddtoCartTestCases" name="VerifythepriceofSamsungTab" time="0.024"/>
  <system-out/>
  <testcase classname="testCases.ProductAddtoCartTestCases" name="VerifySamsungTabaddtocart" time="1.120"/>
  <system-out/>
  <testcase classname="testCases.ProductAddtoCartTestCases" name="VerifyTotalPriceinCart" time="0.039"/>
  <system-out/>
</testsuite> <!-- testCases.ProductAddtoCartTestCases -->
