<?xml version="1.0" encoding="UTF-8"?>
<!-- Generated by org.testng.reporters.JUnitReportReporter -->
<testsuite hostname="Amit" failures="0" tests="4" name="testCases.RegisterTestCases" time="6.137" errors="0" timestamp="2024-02-27T07:58:32 IST" skipped="0">
  <testcase classname="testCases.RegisterTestCases" name="VerifyRegistrationWithExistingData" time="0.832"/>
  <system-out/>
  <testcase classname="testCases.RegisterTestCases" name="VerifyRegistrationWithValidData" time="2.741"/>
  <system-out/>
  <testcase classname="testCases.RegisterTestCases" name="VerifyRegistrationWithInvalidData" time="0.767"/>
  <system-out/>
  <testcase classname="testCases.RegisterTestCases" name="VerifyRegistrationWithBlankData" time="1.797"/>
  <system-out/>
</testsuite> <!-- testCases.RegisterTestCases -->
