<?xml version="1.0" encoding="UTF-8"?>
<!-- Generated by org.testng.reporters.JUnitReportReporter -->
<testsuite hostname="Amit" failures="0" tests="4" name="testCases.RegisterTestCases" time="5.325" errors="0" timestamp="2024-02-03T23:09:43 IST" skipped="0">
  <testcase classname="testCases.RegisterTestCases" name="VerifyRegistrationWithExistingData" time="0.910"/>
  <system-out/>
  <testcase classname="testCases.RegisterTestCases" name="VerifyRegistrationWithValidData" time="1.696"/>
  <system-out/>
  <testcase classname="testCases.RegisterTestCases" name="VerifyRegistrationWithBlankData" time="2.086"/>
  <system-out/>
  <testcase classname="testCases.RegisterTestCases" name="VerifyRegistrationWithInvalidData" time="0.633"/>
  <system-out/>
</testsuite> <!-- testCases.RegisterTestCases -->
