<?xml version="1.0" encoding="UTF-8"?>
<!-- Generated by org.testng.reporters.JUnitReportReporter -->
<testsuite hostname="Amit" failures="0" tests="8" name="testCases.ProductAddtoCartTestCases" time="4.825" errors="0" timestamp="2024-02-14T12:32:52 IST" skipped="0">
  <testcase classname="testCases.ProductAddtoCartTestCases" name="verfiyProductPlaceholderofSerachbox" time="0.025"/>
  <system-out/>
  <testcase classname="testCases.ProductAddtoCartTestCases" name="verifysearchtheiphone" time="1.229"/>
  <system-out/>
  <testcase classname="testCases.ProductAddtoCartTestCases" name="verifythepriceofiphone" time="0.040"/>
  <system-out/>
  <testcase classname="testCases.ProductAddtoCartTestCases" name="verifyiphoneaddtocart" time="1.021"/>
  <system-out/>
  <testcase classname="testCases.ProductAddtoCartTestCases" name="verifysearchtheSamsung" time="1.348"/>
  <system-out/>
  <testcase classname="testCases.ProductAddtoCartTestCases" name="verifythepriceofSamsungTab" time="0.067"/>
  <system-out/>
  <testcase classname="testCases.ProductAddtoCartTestCases" name="verifySamsungTabaddtocart" time="1.056"/>
  <system-out/>
  <testcase classname="testCases.ProductAddtoCartTestCases" name="verifyTotalPriceinCart" time="0.039"/>
  <system-out/>
</testsuite> <!-- testCases.ProductAddtoCartTestCases -->
