<?xml version="1.0" encoding="UTF-8"?>
<!-- Generated by org.testng.reporters.JUnitReportReporter -->
<testsuite hostname="Amit" failures="0" tests="3" name="testCases.LoginTestCases" time="7.182" errors="0" timestamp="2024-01-23T14:48:16 IST" skipped="0">
  <testcase classname="testCases.LoginTestCases" name="LoginWith_NonRegisteredData" time="5.335"/>
  <system-out/>
  <testcase classname="testCases.LoginTestCases" name="VerifyLoginwithInvalidData" time="0.726"/>
  <system-out/>
  <testcase classname="testCases.LoginTestCases" name="LoginWithValidData" time="1.121"/>
  <system-out/>
</testsuite> <!-- testCases.LoginTestCases -->
