<?xml version="1.0" encoding="UTF-8"?>
<!-- Generated by org.testng.reporters.JUnitReportReporter -->
<testsuite hostname="Amit" failures="0" tests="3" name="testCases.LoginTestCases" time="7.056" errors="0" timestamp="2024-02-27T07:58:32 IST" skipped="0">
  <testcase classname="testCases.LoginTestCases" name="VerifyLoginWith_NonRegisteredData" time="5.199"/>
  <system-out/>
  <testcase classname="testCases.LoginTestCases" name="VerifyLoginwithInvalidData" time="0.786"/>
  <system-out/>
  <testcase classname="testCases.LoginTestCases" name="VerifyLoginWithValidData" time="1.071"/>
  <system-out/>
</testsuite> <!-- testCases.LoginTestCases -->
