<?xml version="1.0" encoding="UTF-8"?>
<!-- Generated by org.testng.reporters.JUnitReportReporter -->
<testsuite hostname="Amit" failures="0" tests="4" name="testCases.RegisterTestCases" time="6.946" errors="0" timestamp="2024-02-14T12:32:52 IST" skipped="0">
  <testcase classname="testCases.RegisterTestCases" name="VerifyRegistrationWithInvalidData" time="0.561"/>
  <system-out/>
  <testcase classname="testCases.RegisterTestCases" name="VerifyRegistrationWithBlankData" time="2.209"/>
  <system-out/>
  <testcase classname="testCases.RegisterTestCases" name="VerifyRegistrationWithExistingData" time="1.713"/>
  <system-out/>
  <testcase classname="testCases.RegisterTestCases" name="VerifyRegistrationWithValidData" time="2.463"/>
  <system-out/>
</testsuite> <!-- testCases.RegisterTestCases -->
