<?xml version="1.0" encoding="UTF-8"?>
<!-- Generated by org.testng.reporters.JUnitReportReporter -->
<testsuite hostname="Amit" failures="0" tests="1" name="testCases.HomePageLinksTestCases" time="30.248" errors="0" timestamp="2024-02-23T15:14:16 IST" skipped="0">
  <testcase classname="testCases.HomePageLinksTestCases" name="VerifyAlltheLinksonHomePage" time="30.248"/>
  <system-out/>
</testsuite> <!-- testCases.HomePageLinksTestCases -->
