<?xml version="1.0" encoding="UTF-8"?>
<!-- Generated by org.testng.reporters.JUnitReportReporter -->
<testsuite hostname="Amit" failures="0" tests="3" name="testCases.LoginTestCases" time="11.691" errors="0" timestamp="2024-02-14T12:48:48 IST" skipped="0">
  <testcase classname="testCases.LoginTestCases" name="VerifyLoginWith_NonRegisteredData" time="5.448"/>
  <system-out/>
  <testcase classname="testCases.LoginTestCases" name="VerifyLoginwithInvalidData" time="4.901"/>
  <system-out/>
  <testcase classname="testCases.LoginTestCases" name="VerifyLoginWithValidData" time="1.342"/>
  <system-out/>
</testsuite> <!-- testCases.LoginTestCases -->
