<?xml version="1.0" encoding="UTF-8"?>
<!-- Generated by org.testng.reporters.JUnitReportReporter -->
<testsuite hostname="Amit" failures="0" tests="3" name="testCases.CurrencyMenuTestCases" time="0.115" errors="0" timestamp="2024-02-23T15:14:16 IST" skipped="0">
  <testcase classname="testCases.CurrencyMenuTestCases" name="VerifyUSDollerOptionCurrencyDropDownMenu" time="0.020"/>
  <system-out/>
  <testcase classname="testCases.CurrencyMenuTestCases" name="VerifyEuroOptionCurrencyDropDownMenu" time="0.072"/>
  <system-out/>
  <testcase classname="testCases.CurrencyMenuTestCases" name="VerifyPoundSterlingOptionCurrencyDropDownMenu" time="0.023"/>
  <system-out/>
</testsuite> <!-- testCases.CurrencyMenuTestCases -->
