<?xml version="1.0" encoding="UTF-8"?>
<!-- Generated by org.testng.reporters.JUnitReportReporter -->
<testsuite hostname="Amit" failures="0" tests="3" name="testCases.CurrencyMenuTestCases" time="0.144" errors="0" timestamp="2024-02-03T23:09:43 IST" skipped="0">
  <testcase classname="testCases.CurrencyMenuTestCases" name="verifyUSDollerOptionCurrencyDropDownMenu" time="0.029"/>
  <system-out/>
  <testcase classname="testCases.CurrencyMenuTestCases" name="verifyPoundSterlingOptionCurrencyDropDownMenu" time="0.028"/>
  <system-out/>
  <testcase classname="testCases.CurrencyMenuTestCases" name="verifyEuroOptionCurrencyDropDownMenu" time="0.087"/>
  <system-out/>
</testsuite> <!-- testCases.CurrencyMenuTestCases -->
