<?xml version="1.0" encoding="UTF-8"?>
<!-- Generated by org.testng.reporters.JUnitReportReporter -->
<testsuite hostname="Amit" failures="0" tests="8" name="testCases.ProductAddtoCartTestCases" time="4.826" errors="0" timestamp="2024-02-14T12:48:48 IST" skipped="0">
  <testcase classname="testCases.ProductAddtoCartTestCases" name="VerfiyProductPlaceholderofSerachbox" time="0.038"/>
  <system-out/>
  <testcase classname="testCases.ProductAddtoCartTestCases" name="Verifysearchtheiphone" time="1.419"/>
  <system-out/>
  <testcase classname="testCases.ProductAddtoCartTestCases" name="Verifythepriceofiphone" time="0.030"/>
  <system-out/>
  <testcase classname="testCases.ProductAddtoCartTestCases" name="Verifyiphoneaddtocart" time="1.047"/>
  <system-out/>
  <testcase classname="testCases.ProductAddtoCartTestCases" name="VerifysearchtheSamsung" time="1.242"/>
  <system-out/>
  <testcase classname="testCases.ProductAddtoCartTestCases" name="VerifythepriceofSamsungTab" time="0.027"/>
  <system-out/>
  <testcase classname="testCases.ProductAddtoCartTestCases" name="VerifySamsungTabaddtocart" time="0.978"/>
  <system-out/>
  <testcase classname="testCases.ProductAddtoCartTestCases" name="VerifyTotalPriceinCart" time="0.045"/>
  <system-out/>
</testsuite> <!-- testCases.ProductAddtoCartTestCases -->
