<?xml version="1.0" encoding="UTF-8"?>
<!-- Generated by org.testng.reporters.JUnitReportReporter -->
<testsuite hostname="Amit" failures="0" tests="4" name="testCases.RegistrationTestCases" time="8.502" errors="0" timestamp="2024-01-21T10:07:24 IST" skipped="3">
  <testcase classname="testCases.RegistrationTestCases" name="VerifyRegistrationWithValidData" time="8.502"/>
  <system-out/>
  <testcase classname="testCases.RegistrationTestCases" name="VerifyRegistrationWithBlankData">
    <skipped/>
  </testcase> <!-- VerifyRegistrationWithBlankData -->
  <system-out/>
  <testcase classname="testCases.RegistrationTestCases" name="VerifyRegistrationWithInvalidData">
    <skipped/>
  </testcase> <!-- VerifyRegistrationWithInvalidData -->
  <system-out/>
  <testcase classname="testCases.RegistrationTestCases" name="VerifyRegistrationWithExistingData">
    <skipped/>
  </testcase> <!-- VerifyRegistrationWithExistingData -->
  <system-out/>
</testsuite> <!-- testCases.RegistrationTestCases -->
