<?xml version="1.0" encoding="UTF-8"?>
<!-- Generated by org.testng.reporters.JUnitReportReporter -->
<testsuite hostname="Amit" failures="0" tests="3" name="testCases.LoginTestCases" time="11.506" errors="0" timestamp="2024-02-23T15:14:16 IST" skipped="0">
  <testcase classname="testCases.LoginTestCases" name="VerifyLoginWith_NonRegisteredData" time="5.422"/>
  <system-out/>
  <testcase classname="testCases.LoginTestCases" name="VerifyLoginwithInvalidData" time="4.807"/>
  <system-out/>
  <testcase classname="testCases.LoginTestCases" name="VerifyLoginWithValidData" time="1.277"/>
  <system-out/>
</testsuite> <!-- testCases.LoginTestCases -->
