<?xml version="1.0" encoding="UTF-8"?>
<!-- Generated by org.testng.reporters.JUnitReportReporter -->
<testsuite hostname="Amit" failures="0" tests="8" name="testCases.ProductAddtoCartTestCases" time="4.137" errors="0" timestamp="2024-02-27T07:58:32 IST" skipped="0">
  <testcase classname="testCases.ProductAddtoCartTestCases" name="VerfiyProductPlaceholderofSerachbox" time="0.038"/>
  <system-out/>
  <testcase classname="testCases.ProductAddtoCartTestCases" name="Verifysearchtheiphone" time="0.877"/>
  <system-out/>
  <testcase classname="testCases.ProductAddtoCartTestCases" name="Verifythepriceofiphone" time="0.028"/>
  <system-out/>
  <testcase classname="testCases.ProductAddtoCartTestCases" name="Verifyiphoneaddtocart" time="1.110"/>
  <system-out/>
  <testcase classname="testCases.ProductAddtoCartTestCases" name="VerifysearchtheSamsung" time="0.910"/>
  <system-out/>
  <testcase classname="testCases.ProductAddtoCartTestCases" name="VerifythepriceofSamsungTab" time="0.026"/>
  <system-out/>
  <testcase classname="testCases.ProductAddtoCartTestCases" name="VerifySamsungTabaddtocart" time="1.107"/>
  <system-out/>
  <testcase classname="testCases.ProductAddtoCartTestCases" name="VerifyTotalPriceinCart" time="0.041"/>
  <system-out/>
</testsuite> <!-- testCases.ProductAddtoCartTestCases -->
