<?xml version="1.0" encoding="UTF-8"?>
<!-- Generated by org.testng.reporters.JUnitReportReporter -->
<testsuite hostname="Amit" failures="0" tests="4" name="testCases.RegisterTestCases" time="17.920" errors="0" timestamp="2024-02-14T12:48:48 IST" skipped="0">
  <testcase classname="testCases.RegisterTestCases" name="VerifyRegistrationWithExistingData" time="1.028"/>
  <system-out/>
  <testcase classname="testCases.RegisterTestCases" name="VerifyRegistrationWithValidData" time="13.916"/>
  <system-out/>
  <testcase classname="testCases.RegisterTestCases" name="VerifyRegistrationWithInvalidData" time="0.574"/>
  <system-out/>
  <testcase classname="testCases.RegisterTestCases" name="VerifyRegistrationWithBlankData" time="2.402"/>
  <system-out/>
</testsuite> <!-- testCases.RegisterTestCases -->
