<?xml version="1.0" encoding="UTF-8"?>
<!-- Generated by org.testng.reporters.JUnitReportReporter -->
<testsuite hostname="Amit" failures="0" tests="3" name="testCases.LoginTestCases" time="7.418" errors="0" timestamp="2024-02-03T23:09:43 IST" skipped="0">
  <testcase classname="testCases.LoginTestCases" name="LoginWith_NonRegisteredData" time="5.275"/>
  <system-out/>
  <testcase classname="testCases.LoginTestCases" name="VerifyLoginwithInvalidData" time="0.714"/>
  <system-out/>
  <testcase classname="testCases.LoginTestCases" name="LoginWithValidData" time="1.429"/>
  <system-out/>
</testsuite> <!-- testCases.LoginTestCases -->
