<?xml version="1.0" encoding="UTF-8"?>
<!-- Generated by org.testng.reporters.JUnitReportReporter -->
<testsuite hostname="Amit" failures="0" tests="3" name="testCases.LoginTestCases" time="3.157" errors="0" timestamp="2024-01-22T09:10:12 IST" skipped="0">
  <testcase classname="testCases.LoginTestCases" name="LoginWith_NonRegisteredData" time="1.240"/>
  <system-out/>
  <testcase classname="testCases.LoginTestCases" name="VerifyLoginwithInvalidData" time="0.724"/>
  <system-out/>
  <testcase classname="testCases.LoginTestCases" name="LoginWithValidData" time="1.193"/>
  <system-out/>
</testsuite> <!-- testCases.LoginTestCases -->
