<?xml version="1.0" encoding="UTF-8"?>
<!-- Generated by org.testng.reporters.JUnitReportReporter -->
<testsuite hostname="Amit" failures="0" tests="1" name="testCases.HomePageLinksTestCases" time="32.218" errors="0" timestamp="2024-02-14T12:48:48 IST" skipped="0">
  <testcase classname="testCases.HomePageLinksTestCases" name="VerifyAlltheLinksonHomePage" time="32.218"/>
  <system-out/>
</testsuite> <!-- testCases.HomePageLinksTestCases -->
