<?xml version="1.0" encoding="UTF-8"?>
<!-- Generated by org.testng.reporters.JUnitReportReporter -->
<testsuite hostname="Amit" failures="0" tests="3" name="testCases.CurrencyMenuTestCases" time="0.125" errors="0" timestamp="2024-02-14T12:32:52 IST" skipped="0">
  <testcase classname="testCases.CurrencyMenuTestCases" name="verifyUSDollerOptionCurrencyDropDownMenu" time="0.019"/>
  <system-out/>
  <testcase classname="testCases.CurrencyMenuTestCases" name="verifyEuroOptionCurrencyDropDownMenu" time="0.086"/>
  <system-out/>
  <testcase classname="testCases.CurrencyMenuTestCases" name="verifyPoundSterlingOptionCurrencyDropDownMenu" time="0.020"/>
  <system-out/>
</testsuite> <!-- testCases.CurrencyMenuTestCases -->
