<?xml version="1.0" encoding="UTF-8"?>
<!-- Generated by org.testng.reporters.JUnitReportReporter -->
<testsuite hostname="Amit" failures="0" tests="3" name="testCases.LoginTestCases" time="2.891" errors="0" timestamp="2024-01-23T00:53:06 IST" skipped="0">
  <testcase classname="testCases.LoginTestCases" name="LoginWith_NonRegisteredData" time="1.174"/>
  <system-out/>
  <testcase classname="testCases.LoginTestCases" name="VerifyLoginwithInvalidData" time="0.674"/>
  <system-out/>
  <testcase classname="testCases.LoginTestCases" name="LoginWithValidData" time="1.043"/>
  <system-out/>
</testsuite> <!-- testCases.LoginTestCases -->
