<?xml version="1.0" encoding="UTF-8"?>
<!-- Generated by org.testng.reporters.JUnitReportReporter -->
<testsuite hostname="Amit" failures="0" tests="4" name="testCases.RegisterTestCases" time="5.728" errors="0" timestamp="2024-01-23T17:02:30 IST" skipped="0">
  <testcase classname="testCases.RegisterTestCases" name="VerifyRegistrationWithInvalidData" time="0.565"/>
  <testcase classname="testCases.RegisterTestCases" name="VerifyRegistrationWithBlankData" time="2.372"/>
  <testcase classname="testCases.RegisterTestCases" name="VerifyRegistrationWithValidData" time="1.844"/>
  <testcase classname="testCases.RegisterTestCases" name="VerifyRegistrationWithExistingData" time="0.947"/>
</testsuite> <!-- testCases.RegisterTestCases -->
